0 info it worked if it ends with ok
1 verbose cli [ '/Users/klechelt/n/bin/node',
1 verbose cli   '/Users/klechelt/.npm-global/bin/npm',
1 verbose cli   'start' ]
2 info using npm@3.8.5
3 info using node@v4.4.2
4 verbose run-script [ 'prestart', 'start', 'poststart' ]
5 info lifecycle angular2-quickstart@1.0.0~prestart: angular2-quickstart@1.0.0
6 silly lifecycle angular2-quickstart@1.0.0~prestart: no script for prestart, continuing
7 info lifecycle angular2-quickstart@1.0.0~start: angular2-quickstart@1.0.0
8 verbose lifecycle angular2-quickstart@1.0.0~start: unsafe-perm in lifecycle true
9 verbose lifecycle angular2-quickstart@1.0.0~start: PATH: /Users/klechelt/.npm-global/lib/node_modules/npm/bin/node-gyp-bin:/Users/klechelt/Code/talk/tinydraft/node_modules/.bin:/Users/klechelt/n/bin:/Users/klechelt/.rvm/gems/ruby-2.2.1/bin:/Users/klechelt/.rvm/gems/ruby-2.2.1@global/bin:/Users/klechelt/.rvm/rubies/ruby-2.2.1/bin:/Users/klechelt/.npm-global/bin:/Users/klechelt/bin:/usr/local/bin:/usr/bin:/bin:/usr/sbin:/sbin:/usr/local/bin:/usr/bin:/bin:/usr/sbin:/sbin:/Users/klechelt/.rvm/bin:/Users/klechelt/n/bin
10 verbose lifecycle angular2-quickstart@1.0.0~start: CWD: /Users/klechelt/Code/talk/tinydraft
11 silly lifecycle angular2-quickstart@1.0.0~start: Args: [ '-c', 'npm-run-all --parallel tsc:w lite' ]
12 silly lifecycle angular2-quickstart@1.0.0~start: Returned: code: 1  signal: null
13 info lifecycle angular2-quickstart@1.0.0~start: Failed to exec start script
14 verbose stack Error: angular2-quickstart@1.0.0 start: `npm-run-all --parallel tsc:w lite`
14 verbose stack Exit status 1
14 verbose stack     at EventEmitter.<anonymous> (/Users/klechelt/.npm-global/lib/node_modules/npm/lib/utils/lifecycle.js:239:16)
14 verbose stack     at emitTwo (events.js:87:13)
14 verbose stack     at EventEmitter.emit (events.js:172:7)
14 verbose stack     at ChildProcess.<anonymous> (/Users/klechelt/.npm-global/lib/node_modules/npm/lib/utils/spawn.js:24:14)
14 verbose stack     at emitTwo (events.js:87:13)
14 verbose stack     at ChildProcess.emit (events.js:172:7)
14 verbose stack     at maybeClose (internal/child_process.js:827:16)
14 verbose stack     at Process.ChildProcess._handle.onexit (internal/child_process.js:211:5)
15 verbose pkgid angular2-quickstart@1.0.0
16 verbose cwd /Users/klechelt/Code/talk/tinydraft
17 error Darwin 15.4.0
18 error argv "/Users/klechelt/n/bin/node" "/Users/klechelt/.npm-global/bin/npm" "start"
19 error node v4.4.2
20 error npm  v3.8.5
21 error code ELIFECYCLE
22 error angular2-quickstart@1.0.0 start: `npm-run-all --parallel tsc:w lite`
22 error Exit status 1
23 error Failed at the angular2-quickstart@1.0.0 start script 'npm-run-all --parallel tsc:w lite'.
23 error Make sure you have the latest version of node.js and npm installed.
23 error If you do, this is most likely a problem with the angular2-quickstart package,
23 error not with npm itself.
23 error Tell the author that this fails on your system:
23 error     npm-run-all --parallel tsc:w lite
23 error You can get information on how to open an issue for this project with:
23 error     npm bugs angular2-quickstart
23 error Or if that isn't available, you can get their info via:
23 error     npm owner ls angular2-quickstart
23 error There is likely additional logging output above.
24 verbose exit [ 1, true ]
